<?xml version="1.0" encoding="UTF-8"?>
<testsuite xmlns:xsi="http://www.w3.org/2001/XMLSchema-instance" xsi:noNamespaceSchemaLocation="https://maven.apache.org/surefire/maven-surefire-plugin/xsd/surefire-test-report-3.0.xsd" version="3.0" name="com.bulavskiy.array.service.impl.ShuttleSortTest" time="0.017" tests="8" errors="0" skipped="0" failures="0">
  <properties>
[...]
</properties>
  <testcase name="arraySort(Long, int[], int[])[1]" classname="com.bulavskiy.array.service.impl.ShuttleSortTest" time="0.002">
    <system-out><![CDATA[17:38:56.640 [main] INFO  com.bulavskiy.array.service.impl.ShuttleSort - Shuttle sort array [4, -2, 3] equal [-2, 3, 4]
]]></system-out>
  </testcase>
  <testcase name="arraySort(Long, int[], int[])[2]" classname="com.bulavskiy.array.service.impl.ShuttleSortTest" time="0.002">
    <system-out><![CDATA[17:38:56.642 [main] INFO  com.bulavskiy.array.service.impl.ShuttleSort - Shuttle sort array [3, 2, 1] equal [1, 2, 3]
]]></system-out>
  </testcase>
  <testcase name="arraySort(Long, int[], int[])[3]" classname="com.bulavskiy.array.service.impl.ShuttleSortTest" time="0.002">
    <system-out><![CDATA[17:38:56.644 [main] INFO  com.bulavskiy.array.service.impl.ShuttleSort - Shuttle sort array [5, 2, 5, 2, 1] equal [1, 2, 2, 5, 5]
]]></system-out>
  </testcase>
  <testcase name="arraySort(Long, int[], int[])[4]" classname="com.bulavskiy.array.service.impl.ShuttleSortTest" time="0.002">
    <system-out><![CDATA[17:38:56.646 [main] INFO  com.bulavskiy.array.service.impl.ShuttleSort - Shuttle sort array [-1, -2, -3] equal [-3, -2, -1]
]]></system-out>
  </testcase>
  <testcase name="arraySort(Long, int[], int[])[5]" classname="com.bulavskiy.array.service.impl.ShuttleSortTest" time="0.0">
    <system-out><![CDATA[17:38:56.647 [main] INFO  com.bulavskiy.array.service.impl.ShuttleSort - Shuttle sort array [5] equal [5]
]]></system-out>
  </testcase>
  <testcase name="arraySort(Long, int[], int[])[6]" classname="com.bulavskiy.array.service.impl.ShuttleSortTest" time="0.0">
    <system-out><![CDATA[17:38:56.648 [main] INFO  com.bulavskiy.array.service.impl.ShuttleSort - Shuttle sort array [0, 0, 0] equal [0, 0, 0]
]]></system-out>
  </testcase>
  <testcase name="arraySort(Long, int[], int[])[7]" classname="com.bulavskiy.array.service.impl.ShuttleSortTest" time="0.001">
    <system-out><![CDATA[17:38:56.649 [main] INFO  com.bulavskiy.array.service.impl.ShuttleSort - Shuttle sort array [] equal []
]]></system-out>
  </testcase>
  <testcase name="arraySort(Long, int[], int[])[8]" classname="com.bulavskiy.array.service.impl.ShuttleSortTest" time="0.001">
    <system-out><![CDATA[17:38:56.652 [main] INFO  com.bulavskiy.array.service.impl.ShuttleSort - Shuttle sort array [-1, -1, -2, -2] equal [-2, -2, -1, -1]
]]></system-out>
  </testcase>
</testsuite>