<?xml version="1.0" encoding="UTF-8"?>
<testsuite xmlns:xsi="http://www.w3.org/2001/XMLSchema-instance" xsi:noNamespaceSchemaLocation="https://maven.apache.org/surefire/maven-surefire-plugin/xsd/surefire-test-report-3.0.xsd" version="3.0" name="com.bulavskiy.array.service.impl.ArrayReplaceServiceImplTest" time="0.018" tests="11" errors="0" skipped="0" failures="0">
  <properties>
[...]
</properties>
  <testcase name="replaceElement(Long, int, int, int[], int[])[1]" classname="com.bulavskiy.array.service.impl.ArrayReplaceServiceImplTest" time="0.004">
    <system-out><![CDATA[17:38:56.731 [main] INFO  com.bulavskiy.array.service.impl.ArrayReplaceServiceImpl - In array NewArray{id=1, array=[4, -2, 3]} replace element number 1 with element -4
]]></system-out>
  </testcase>
  <testcase name="replaceElement(Long, int, int, int[], int[])[2]" classname="com.bulavskiy.array.service.impl.ArrayReplaceServiceImplTest" time="0.0">
    <system-out><![CDATA[17:38:56.732 [main] INFO  com.bulavskiy.array.service.impl.ArrayReplaceServiceImpl - In array NewArray{id=2, array=[4, -2, 3]} replace element number 0 with element -4
]]></system-out>
  </testcase>
  <testcase name="replaceElement(Long, int, int, int[], int[])[3]" classname="com.bulavskiy.array.service.impl.ArrayReplaceServiceImplTest" time="0.0">
    <system-out><![CDATA[17:38:56.733 [main] INFO  com.bulavskiy.array.service.impl.ArrayReplaceServiceImpl - In array NewArray{id=3, array=[4, -2, 3]} replace element number 2 with element -4
]]></system-out>
  </testcase>
  <testcase name="replaceOldElementStream(Long, int[], int, int, int[])[1]" classname="com.bulavskiy.array.service.impl.ArrayReplaceServiceImplTest" time="0.003">
    <system-out><![CDATA[17:38:56.736 [main] INFO  com.bulavskiy.array.service.impl.ArrayReplaceServiceImpl - In array NewArray{id=1, array=[1, 2, 3, 4]} replace all elements equal 2 with 99
]]></system-out>
  </testcase>
  <testcase name="replaceOldElementStream(Long, int[], int, int, int[])[2]" classname="com.bulavskiy.array.service.impl.ArrayReplaceServiceImplTest" time="0.001">
    <system-out><![CDATA[17:38:56.738 [main] INFO  com.bulavskiy.array.service.impl.ArrayReplaceServiceImpl - In array NewArray{id=2, array=[1, 2, 2, 3, 2]} replace all elements equal 2 with 99
]]></system-out>
  </testcase>
  <testcase name="replaceOldElementStream(Long, int[], int, int, int[])[3]" classname="com.bulavskiy.array.service.impl.ArrayReplaceServiceImplTest" time="0.001">
    <system-out><![CDATA[17:38:56.739 [main] INFO  com.bulavskiy.array.service.impl.ArrayReplaceServiceImpl - In array NewArray{id=3, array=[-1, -2, -3]} replace all elements equal -2 with 99
]]></system-out>
  </testcase>
  <testcase name="replaceOldElementStream(Long, int[], int, int, int[])[4]" classname="com.bulavskiy.array.service.impl.ArrayReplaceServiceImplTest" time="0.001">
    <system-out><![CDATA[17:38:56.740 [main] INFO  com.bulavskiy.array.service.impl.ArrayReplaceServiceImpl - In array NewArray{id=4, array=[0, 1, 0, 2]} replace all elements equal 0 with 99
]]></system-out>
  </testcase>
  <testcase name="replaceOldElement(Long, int[], int, int, int[])[1]" classname="com.bulavskiy.array.service.impl.ArrayReplaceServiceImplTest" time="0.0">
    <system-out><![CDATA[17:38:56.741 [main] INFO  com.bulavskiy.array.service.impl.ArrayReplaceServiceImpl - In array NewArray{id=1, array=[1, 2, 3, 4]} replace all elements equal 2 with 99
]]></system-out>
  </testcase>
  <testcase name="replaceOldElement(Long, int[], int, int, int[])[2]" classname="com.bulavskiy.array.service.impl.ArrayReplaceServiceImplTest" time="0.0">
    <system-out><![CDATA[17:38:56.742 [main] INFO  com.bulavskiy.array.service.impl.ArrayReplaceServiceImpl - In array NewArray{id=2, array=[1, 2, 2, 3, 2]} replace all elements equal 2 with 99
]]></system-out>
  </testcase>
  <testcase name="replaceOldElement(Long, int[], int, int, int[])[3]" classname="com.bulavskiy.array.service.impl.ArrayReplaceServiceImplTest" time="0.0">
    <system-out><![CDATA[17:38:56.743 [main] INFO  com.bulavskiy.array.service.impl.ArrayReplaceServiceImpl - In array NewArray{id=3, array=[-1, -2, -3]} replace all elements equal -2 with 99
]]></system-out>
  </testcase>
  <testcase name="replaceOldElement(Long, int[], int, int, int[])[4]" classname="com.bulavskiy.array.service.impl.ArrayReplaceServiceImplTest" time="0.001">
    <system-out><![CDATA[17:38:56.744 [main] INFO  com.bulavskiy.array.service.impl.ArrayReplaceServiceImpl - In array NewArray{id=4, array=[0, 1, 0, 2]} replace all elements equal 0 with 99
]]></system-out>
  </testcase>
</testsuite>