<?xml version="1.0" encoding="UTF-8"?>
<testsuite xmlns:xsi="http://www.w3.org/2001/XMLSchema-instance" xsi:noNamespaceSchemaLocation="https://maven.apache.org/surefire/maven-surefire-plugin/xsd/surefire-test-report-3.0.xsd" version="3.0" name="com.bulavskiy.array.repository.ArrayRepositoryTest" time="0.186" tests="2" errors="0" skipped="0" failures="1">
  <properties>
[...]
</properties>
  <testcase name="addShouldStoreArray" classname="com.bulavskiy.array.repository.ArrayRepositoryTest" time="0.168">
    <system-out><![CDATA[17:38:56.564 [main] INFO  com.bulavskiy.array.service.impl.ArrayCalculateServiceImpl - Sum of all elements of array NewArray{id=1, array=[1, 2, 3]}, is equal 6
17:38:56.566 [main] INFO  com.bulavskiy.array.service.impl.ArrayCalculateServiceImpl - The average of array elements NewArray{id=1, array=[1, 2, 3]} is equal 2.0
17:38:56.566 [main] INFO  com.bulavskiy.array.service.impl.ArraySearchServiceImpl - Find min value 1
17:38:56.566 [main] INFO  com.bulavskiy.array.service.impl.ArraySearchServiceImpl - Find max value 3
17:38:56.566 [main] INFO  com.bulavskiy.array.warehouse.Warehouse - Array statistics with id=1 added to warehouse
17:38:56.566 [main] INFO  com.bulavskiy.array.observer.impl.ArrayObserverImpl - Statistics updated for array NewArray{id=1, array=[1, 2, 3]}
17:38:56.566 [main] INFO  com.bulavskiy.array.repository.ArrayRepository - Array 1 added to repository
]]></system-out>
  </testcase>
  <testcase name="removeShouldDeleteArray" classname="com.bulavskiy.array.repository.ArrayRepositoryTest" time="0.005">
    <failure message="expected: &lt;true&gt; but was: &lt;false&gt;" type="org.opentest4j.AssertionFailedError"><![CDATA[org.opentest4j.AssertionFailedError: expected: <true> but was: <false>
	at org.junit.jupiter.api.AssertionFailureBuilder.build(AssertionFailureBuilder.java:151)
	at org.junit.jupiter.api.AssertionFailureBuilder.buildAndThrow(AssertionFailureBuilder.java:132)
	at org.junit.jupiter.api.AssertTrue.failNotTrue(AssertTrue.java:63)
	at org.junit.jupiter.api.AssertTrue.assertTrue(AssertTrue.java:36)
	at org.junit.jupiter.api.AssertTrue.assertTrue(AssertTrue.java:31)
	at org.junit.jupiter.api.Assertions.assertTrue(Assertions.java:183)
	at com.bulavskiy.array.repository.ArrayRepositoryTest.removeShouldDeleteArray(ArrayRepositoryTest.java:42)
	at java.base/java.lang.reflect.Method.invoke(Method.java:580)
	at java.base/java.util.ArrayList.forEach(ArrayList.java:1597)
	at java.base/java.util.ArrayList.forEach(ArrayList.java:1597)
]]></failure>
    <system-out><![CDATA[17:38:56.572 [main] INFO  com.bulavskiy.array.service.impl.ArrayCalculateServiceImpl - Sum of all elements of array NewArray{id=2, array=[4, 5, 6]}, is equal 15
17:38:56.572 [main] INFO  com.bulavskiy.array.service.impl.ArrayCalculateServiceImpl - The average of array elements NewArray{id=2, array=[4, 5, 6]} is equal 5.0
17:38:56.572 [main] INFO  com.bulavskiy.array.service.impl.ArraySearchServiceImpl - Find min value 4
17:38:56.572 [main] INFO  com.bulavskiy.array.service.impl.ArraySearchServiceImpl - Find max value 6
17:38:56.572 [main] INFO  com.bulavskiy.array.warehouse.Warehouse - Array statistics with id=2 added to warehouse
17:38:56.572 [main] INFO  com.bulavskiy.array.observer.impl.ArrayObserverImpl - Statistics updated for array NewArray{id=2, array=[4, 5, 6]}
17:38:56.573 [main] INFO  com.bulavskiy.array.repository.ArrayRepository - Array 2 added to repository
17:38:56.573 [main] INFO  com.bulavskiy.array.warehouse.Warehouse - Array statistics with id=2 remove from warehouse
17:38:56.573 [main] INFO  com.bulavskiy.array.repository.ArrayRepository - Array 2 removed from repository
]]></system-out>
  </testcase>
</testsuite>